#
# A fatal error has been detected by the Java Runtime Environment:
#
#  EXCEPTION_ACCESS_VIOLATION (0xc0000005) at pc=0x00007ff91f96eab1, pid=4672, tid=38708
#
# JRE version: OpenJDK Runtime Environment Temurin-21.0.4+7 (21.0.4+7) (build 21.0.4+7-LTS)
# Java VM: OpenJDK 64-Bit Server VM Temurin-21.0.4+7 (21.0.4+7-LTS, mixed mode, emulated-client, tiered, compressed oops, compressed class ptrs, g1 gc, windows-amd64)
# Problematic frame:
# V  [jvm.dll+0x26eab1]
#
# No core dump will be written. Minidumps are not enabled by default on client versions of Windows
#
# If you would like to submit a bug report, please visit:
#   https://github.com/adoptium/adoptium-support/issues
#

---------------  S U M M A R Y ------------

Command Line: -XX:+ShowCodeDetailsInExceptionMessages -agentlib:jdwp=transport=dt_socket,suspend=y,address=localhost:52723 -Dcom.sun.management.jmxremote -Dcom.sun.management.jmxremote.port=52721 -Dcom.sun.management.jmxremote.authenticate=false -Dcom.sun.management.jmxremote.ssl=false -Djava.rmi.server.hostname=localhost -Dspring.jmx.enabled=true -Dmanagement.endpoints.jmx.exposure.include=* -Dspring.application.admin.enabled=true -XX:TieredStopAtLevel=1 -Dspring.boot.project.name=eforsch -javaagent:C:\Eclipse\sts-4.26.0.RELEASE\configuration\org.eclipse.osgi\271\0\.cp\lib\javaagent-shaded.jar -Dfile.encoding=UTF-8 -Dstdout.encoding=UTF-8 -Dstderr.encoding=UTF-8 com.eforsch.EForschApplication --spring.output.ansi.enabled=always

Host: 13th Gen Intel(R) Core(TM) i5-1335U, 12 cores, 15G,  Windows 11 , 64 bit Build 26100 (10.0.26100.3037)
Time: Fri Feb 21 18:25:35 2025 Central Standard Time elapsed time: 518.371650 seconds (0d 0h 8m 38s)

---------------  T H R E A D  ---------------

Current thread (0x000002207fc56e50):  VMThread "VM Thread"          [id=38708, stack(0x0000002382a00000,0x0000002382b00000) (1024K)]

Stack: [0x0000002382a00000,0x0000002382b00000],  sp=0x0000002382aff1e8,  free space=1020k
Native frames: (J=compiled Java code, j=interpreted, Vv=VM code, C=native code)
V  [jvm.dll+0x26eab1]


siginfo: EXCEPTION_ACCESS_VIOLATION (0xc0000005), reading address 0x0000022012437578


Registers:
RAX=0x0000022012237560, RBX=0x0000022012233c58, RCX=0x00000000001fffe0, RDX=0x000000000000ffff
RSP=0x0000002382aff1e8, RBP=0x00000000000000b6, RSI=0x0000002382aff300, RDI=0x0000022012233c58
R8 =0x00007ff91f96eaa6, R9 =0x0000022012233c58, R10=0x000002200d00b770, R11=0x0000022012235b98
R12=0x000002200ac18000, R13=0x0000022012233c58, R14=0x000000000000ffff, R15=0x0000000000000018
RIP=0x00007ff91f96eab1, EFLAGS=0x0000000000010202


Register to memory mapping:

RAX=0x0000022012237560 is pointing into metadata
RBX=0x0000022012233c58 is pointing into metadata
RCX=0x00000000001fffe0 is an unknown value
RDX=0x000000000000ffff is an unknown value
RSP=0x0000002382aff1e8 points into unknown readable memory: 0x00007ff91f96c602 | 02 c6 96 1f f9 7f 00 00
RBP=0x00000000000000b6 is an unknown value
RSI=0x0000002382aff300 points into unknown readable memory: 0x000002200ac1a078 | 78 a0 c1 0a 20 02 00 00
RDI=0x0000022012233c58 is pointing into metadata
R8 =0x00007ff91f96eaa6 jvm.dll
R9 =0x0000022012233c58 is pointing into metadata
R10=0x000002200d00b770 points into unknown readable memory: 0x0000001e00000002 | 02 00 00 00 1e 00 00 00
R11={method} {0x0000022012235ba0} 'modifyOrder' '(Lcom/eforsch/util/OrderVO;)Lorg/springframework/http/ResponseEntity;' in 'com/eforsch/controller/OrderController'
R12=0x000002200ac18000 is pointing into metadata
R13=0x0000022012233c58 is pointing into metadata
R14=0x000000000000ffff is an unknown value
R15=0x0000000000000018 is an unknown value

Top of Stack: (sp=0x0000002382aff1e8)
0x0000002382aff1e8:   00007ff91f96c602 000002200e93ee70
0x0000002382aff1f8:   0000000000000002 0000000000000005
0x0000002382aff208:   00007ff91fdbc887 00000000000000b6
0x0000002382aff218:   00007ff91fd7f3e8 0000000000000001
0x0000002382aff228:   00007ff91fa9db00 0000002382aff300
0x0000002382aff238:   0000002382aff2d0 000002200ac18ea4
0x0000002382aff248:   00007ff9000000e6 0000002382aff2d0
0x0000002382aff258:   00007ff91f846c6e 0000022012235b98
0x0000002382aff268:   0000022012234b08 00000000000000b6
0x0000002382aff278:   0000022012235b3d 00000000000000b6
0x0000002382aff288:   00007ff91fd7feb5 00000000000000b6
0x0000002382aff298:   0000002382aff309 00000000000000b6
0x0000002382aff2a8:   00000000000000e8 000002200ac18000
0x0000002382aff2b8:   0000022012233c58 0000022012235b98
0x0000002382aff2c8:   000002207fc56e50 0000022012235b98
0x0000002382aff2d8:   000002207fc56e50 0000000800000005
0x0000002382aff2e8:   000000b60000001a 0000000000000000
0x0000002382aff2f8:   00007ff9000000b6 000002200ac1a078
0x0000002382aff308:   000002207fc56e50 0000000800000005
0x0000002382aff318:   000000b60000001a 00000023836f0000
0x0000002382aff328:   00007ff9000000b6 000002207fc583d0
0x0000002382aff338:   0000000000000004 0000000000000005
0x0000002382aff348:   0000000000000028 000002200ac1a078
0x0000002382aff358:   0000000000000001 00000023836ff6b0
0x0000002382aff368:   00007ff91fc992a2 0000022012235b98
0x0000002382aff378:   000002200ac18000 0000022012233c58
0x0000002382aff388:   000002200ac1a0a8 0000000000000000
0x0000002382aff398:   0000000000000000 00007ff91fd79ae0
0x0000002382aff3a8:   00007ff91fc951c9 0000000000000000
0x0000002382aff3b8:   0000000800a2ee30 000002207fc56e50
0x0000002382aff3c8:   00000023836ff6b0 0000000000000000
0x0000002382aff3d8:   0000000000000050 0000002382aff4b9 

Instructions: (pc=0x00007ff91f96eab1)
0x00007ff91f96e9b1:   48 89 44 24 20 41 b8 6b 03 00 00 eb 4b 4d 85 c0
0x00007ff91f96e9c1:   74 3b 4c 8b 4c 24 30 48 8d 4c 24 38 48 8b d7 44
0x00007ff91f96e9d1:   89 6c 24 20 e8 d6 77 09 00 48 8b 44 24 38 48 8d
0x00007ff91f96e9e1:   15 b2 e9 79 00 4c 8b cd 48 89 44 24 20 41 b8 70
0x00007ff91f96e9f1:   03 00 00 48 8b cf e8 d4 67 09 00 eb 1d 4c 89 6c
0x00007ff91f96ea01:   24 20 41 b8 72 03 00 00 4c 8b cd 48 8d 15 85 e9
0x00007ff91f96ea11:   79 00 48 8b cf e8 45 69 09 00 4c 39 2e 74 13 49
0x00007ff91f96ea21:   8b d4 48 8b cb e8 b5 67 e5 ff 48 8b ce e8 8d 67
0x00007ff91f96ea31:   e5 ff 4c 39 73 18 74 0c 48 89 73 10 4c 89 73 18
0x00007ff91f96ea41:   4c 89 7b 20 48 8b 9c 24 80 00 00 00 48 83 c4 40
0x00007ff91f96ea51:   41 5f 41 5e 41 5d 41 5c 5f 5e 5d c3 cc cc cc 41
0x00007ff91f96ea61:   81 c0 4e ff ff ff 4c 8b c9 41 83 f8 37 77 36 49
0x00007ff91f96ea71:   63 c0 48 8d 0d 86 15 d9 ff 0f b6 84 01 c8 ea 26
0x00007ff91f96ea81:   00 44 8b 84 81 bc ea 26 00 4c 03 c1 41 ff e0 49
0x00007ff91f96ea91:   8b 41 10 f7 d2 48 63 d2 48 03 d2 48 8b 48 28 0f
0x00007ff91f96eaa1:   b7 44 d1 12 c3 49 8b 41 10 48 63 ca 48 c1 e1 05
0x00007ff91f96eab1:   48 8b 4c 01 38 0f b7 c1 c3 66 90 a6 ea 26 00 90
0x00007ff91f96eac1:   ea 26 00 a6 ea 26 00 00 00 00 00 00 00 00 00 01
0x00007ff91f96ead1:   02 02 02 02 02 02 02 02 02 02 02 02 02 02 02 02
0x00007ff91f96eae1:   02 02 02 02 02 02 02 02 02 02 02 02 02 02 02 02
0x00007ff91f96eaf1:   02 02 02 02 02 02 02 02 02 02 02 02 02 02 00 48
0x00007ff91f96eb01:   89 5c 24 18 55 56 57 41 54 41 55 41 56 41 57 b8
0x00007ff91f96eb11:   40 13 00 00 e8 36 5a 6d 00 48 2b e0 48 8b 05 e4
0x00007ff91f96eb21:   f6 9d 00 48 33 c4 48 89 84 24 30 13 00 00 65 48
0x00007ff91f96eb31:   8b 04 25 58 00 00 00 4c 8b e2 8b 15 a7 86 a6 00
0x00007ff91f96eb41:   48 8b f9 b9 70 00 00 00 48 8b 1c d0 80 3c 19 00
0x00007ff91f96eb51:   75 0a e8 c8 53 6d 00 b9 70 00 00 00 b8 20 00 00
0x00007ff91f96eb61:   00 45 33 f6 41 bd ff ff ff ff 48 8b 04 18 48 8b
0x00007ff91f96eb71:   b0 18 03 00 00 48 8b 46 20 48 8b 6e 10 4c 8b 7e
0x00007ff91f96eb81:   18 48 89 44 24 38 48 8b 46 28 48 89 44 24 30 44
0x00007ff91f96eb91:   38 34 19 75 0a e8 85 53 6d 00 b9 70 00 00 00 b8
0x00007ff91f96eba1:   20 00 00 00 48 8b 04 18 48 8b 80 98 03 00 00 48 


Stack slot to memory mapping:

stack at sp + 0 slots: 0x00007ff91f96c602 jvm.dll
stack at sp + 1 slots: 0x000002200e93ee70 points into unknown readable memory: 0x726f687475616e55 | 55 6e 61 75 74 68 6f 72
stack at sp + 2 slots: 0x0000000000000002 is an unknown value
stack at sp + 3 slots: 0x0000000000000005 is an unknown value
stack at sp + 4 slots: 0x00007ff91fdbc887 jvm.dll
stack at sp + 5 slots: 0x00000000000000b6 is an unknown value
stack at sp + 6 slots: 0x00007ff91fd7f3e8 jvm.dll
stack at sp + 7 slots: 0x0000000000000001 is an unknown value

VM_Operation (0x00000023836ff6b0): RedefineClasses, mode: safepoint, requested by thread 0x000002200d31e590, redefining class com.eforsch.controller.OrderController



---------------  P R O C E S S  ---------------

Threads class SMR info:
_java_thread_list=0x000002200dbb7490, length=36, elements={
0x000002200d069160, 0x000002200d06a730, 0x000002200d09f070, 0x000002200d098ab0,
0x000002200d0bbd40, 0x000002200d0cb560, 0x000002200d088420, 0x000002200d1c1f90,
0x000002200d31e590, 0x000002200d33d500, 0x000002200d341b90, 0x000002200dc6a3e0,
0x000002200de92bf0, 0x000002200deab8b0, 0x000002200ddea2a0, 0x000002200e268c10,
0x000002200e26a2d0, 0x000002200e326510, 0x000002200f295050, 0x000002200f294330,
0x000002200f293610, 0x000002200f292f80, 0x000002200f2956e0, 0x00000220105a26a0,
0x00000220105a5b20, 0x00000220105a2d30, 0x00000220105a3a50, 0x00000220105a40e0,
0x00000220105a33c0, 0x00000220105a4770, 0x00000220105a4e00, 0x00000220105a5490,
0x0000022010a13da0, 0x0000022010a15150, 0x0000022010a13080, 0x0000022010a15e70
}

Java Threads: ( => current thread )
  0x000002200d069160 JavaThread "Reference Handler"          daemon [_thread_blocked, id=41312, stack(0x0000002382b00000,0x0000002382c00000) (1024K)]
  0x000002200d06a730 JavaThread "Finalizer"                  daemon [_thread_blocked, id=37196, stack(0x0000002382c00000,0x0000002382d00000) (1024K)]
  0x000002200d09f070 JavaThread "Signal Dispatcher"          daemon [_thread_blocked, id=55000, stack(0x0000002382d00000,0x0000002382e00000) (1024K)]
  0x000002200d098ab0 JavaThread "Attach Listener"            daemon [_thread_blocked, id=57816, stack(0x0000002382e00000,0x0000002382f00000) (1024K)]
  0x000002200d0bbd40 JavaThread "Service Thread"             daemon [_thread_blocked, id=48288, stack(0x0000002382f00000,0x0000002383000000) (1024K)]
  0x000002200d0cb560 JavaThread "Monitor Deflation Thread"   daemon [_thread_blocked, id=52536, stack(0x0000002383000000,0x0000002383100000) (1024K)]
  0x000002200d088420 JavaThread "C1 CompilerThread0"         daemon [_thread_blocked, id=21860, stack(0x0000002383100000,0x0000002383200000) (1024K)]
  0x000002200d1c1f90 JavaThread "Common-Cleaner"             daemon [_thread_blocked, id=60544, stack(0x0000002383200000,0x0000002383300000) (1024K)]
  0x000002200d31e590 JavaThread "JDWP Transport Listener: dt_socket" daemon [_thread_blocked, id=47524, stack(0x0000002383600000,0x0000002383700000) (1024K)]
  0x000002200d33d500 JavaThread "JDWP Event Helper Thread"   daemon [_thread_blocked, id=27476, stack(0x0000002383700000,0x0000002383800000) (1024K)]
  0x000002200d341b90 JavaThread "JDWP Command Reader"        daemon [_thread_in_native, id=40160, stack(0x0000002383800000,0x0000002383900000) (1024K)]
  0x000002200dc6a3e0 JavaThread "Notification Thread"        daemon [_thread_blocked, id=56944, stack(0x0000002383900000,0x0000002383a00000) (1024K)]
  0x000002200de92bf0 JavaThread "RMI TCP Accept-0"           daemon [_thread_in_native, id=46264, stack(0x0000002384200000,0x0000002384300000) (1024K)]
  0x000002200deab8b0 JavaThread "RMI TCP Accept-52721"       daemon [_thread_in_native, id=44544, stack(0x0000002384300000,0x0000002384400000) (1024K)]
  0x000002200ddea2a0 JavaThread "RMI TCP Accept-0"           daemon [_thread_in_native, id=38312, stack(0x0000002384400000,0x0000002384500000) (1024K)]
  0x000002200e268c10 JavaThread "RMI Scheduler(0)"           daemon [_thread_blocked, id=45864, stack(0x0000002384600000,0x0000002384700000) (1024K)]
  0x000002200e26a2d0 JavaThread "RMI TCP Connection(idle)"   daemon [_thread_blocked, id=29048, stack(0x0000002384700000,0x0000002384800000) (1024K)]
  0x000002200e326510 JavaThread "JMX server connection timeout 39" daemon [_thread_blocked, id=31088, stack(0x0000002384800000,0x0000002384900000) (1024K)]
  0x000002200f295050 JavaThread "Catalina-utility-1"                [_thread_blocked, id=46232, stack(0x0000002384c00000,0x0000002384d00000) (1024K)]
  0x000002200f294330 JavaThread "Catalina-utility-2"                [_thread_blocked, id=24052, stack(0x0000002384d00000,0x0000002384e00000) (1024K)]
  0x000002200f293610 JavaThread "container-0"                       [_thread_blocked, id=38116, stack(0x0000002384e00000,0x0000002384f00000) (1024K)]
  0x000002200f292f80 JavaThread "mysql-cj-abandoned-connection-cleanup" daemon [_thread_blocked, id=57024, stack(0x0000002384f00000,0x0000002385000000) (1024K)]
  0x000002200f2956e0 JavaThread "HikariPool-1 housekeeper"   daemon [_thread_blocked, id=6300, stack(0x0000002385100000,0x0000002385200000) (1024K)]
  0x00000220105a26a0 JavaThread "http-nio-8080-exec-1"       daemon [_thread_blocked, id=6796, stack(0x0000002385300000,0x0000002385400000) (1024K)]
  0x00000220105a5b20 JavaThread "http-nio-8080-exec-2"       daemon [_thread_blocked, id=3844, stack(0x0000002385400000,0x0000002385500000) (1024K)]
  0x00000220105a2d30 JavaThread "http-nio-8080-exec-3"       daemon [_thread_blocked, id=28268, stack(0x0000002385500000,0x0000002385600000) (1024K)]
  0x00000220105a3a50 JavaThread "http-nio-8080-exec-4"       daemon [_thread_blocked, id=10040, stack(0x0000002385600000,0x0000002385700000) (1024K)]
  0x00000220105a40e0 JavaThread "http-nio-8080-exec-5"       daemon [_thread_blocked, id=14096, stack(0x0000002385700000,0x0000002385800000) (1024K)]
  0x00000220105a33c0 JavaThread "http-nio-8080-exec-6"       daemon [_thread_blocked, id=28628, stack(0x0000002385800000,0x0000002385900000) (1024K)]
  0x00000220105a4770 JavaThread "http-nio-8080-exec-7"       daemon [_thread_blocked, id=47656, stack(0x0000002385900000,0x0000002385a00000) (1024K)]
  0x00000220105a4e00 JavaThread "http-nio-8080-exec-8"       daemon [_thread_blocked, id=49056, stack(0x0000002385a00000,0x0000002385b00000) (1024K)]
  0x00000220105a5490 JavaThread "http-nio-8080-exec-9"       daemon [_thread_blocked, id=7944, stack(0x0000002385b00000,0x0000002385c00000) (1024K)]
  0x0000022010a13da0 JavaThread "http-nio-8080-exec-10"      daemon [_thread_blocked, id=53632, stack(0x0000002385c00000,0x0000002385d00000) (1024K)]
  0x0000022010a15150 JavaThread "http-nio-8080-Poller"       daemon [_thread_blocked, id=35924, stack(0x0000002385d00000,0x0000002385e00000) (1024K)]
  0x0000022010a13080 JavaThread "http-nio-8080-Acceptor"     daemon [_thread_in_native, id=18396, stack(0x0000002385e00000,0x0000002385f00000) (1024K)]
  0x0000022010a15e70 JavaThread "DestroyJavaVM"                     [_thread_blocked, id=29820, stack(0x0000002382300000,0x0000002382400000) (1024K)]
Total: 36

Other Threads:
=>0x000002207fc56e50 VMThread "VM Thread"                           [id=38708, stack(0x0000002382a00000,0x0000002382b00000) (1024K)]
  0x000002207fc0f400 WatcherThread "VM Periodic Task Thread"        [id=34656, stack(0x0000002382900000,0x0000002382a00000) (1024K)]
  0x000002207a254aa0 WorkerThread "GC Thread#0"                     [id=47208, stack(0x0000002382400000,0x0000002382500000) (1024K)]
  0x000002207fc571f0 WorkerThread "GC Thread#1"                     [id=51928, stack(0x0000002383a00000,0x0000002383b00000) (1024K)]
  0x000002207fc56ab0 WorkerThread "GC Thread#2"                     [id=24652, stack(0x0000002383b00000,0x0000002383c00000) (1024K)]
  0x000002207fc56710 WorkerThread "GC Thread#3"                     [id=59364, stack(0x0000002383c00000,0x0000002383d00000) (1024K)]
  0x000002207fc57590 WorkerThread "GC Thread#4"                     [id=51736, stack(0x0000002383d00000,0x0000002383e00000) (1024K)]
  0x000002207fc57930 WorkerThread "GC Thread#5"                     [id=59896, stack(0x0000002383e00000,0x0000002383f00000) (1024K)]
  0x000002200de31fe0 WorkerThread "GC Thread#6"                     [id=39576, stack(0x0000002383f00000,0x0000002384000000) (1024K)]
  0x000002200de34080 WorkerThread "GC Thread#7"                     [id=60528, stack(0x0000002384000000,0x0000002384100000) (1024K)]
  0x000002200de33940 WorkerThread "GC Thread#8"                     [id=20464, stack(0x0000002384100000,0x0000002384200000) (1024K)]
  0x000002200de32ac0 WorkerThread "GC Thread#9"                     [id=33584, stack(0x0000002384900000,0x0000002384a00000) (1024K)]
  0x000002207a2654a0 ConcurrentGCThread "G1 Main Marker"            [id=53128, stack(0x0000002382500000,0x0000002382600000) (1024K)]
  0x000002207a2674d0 WorkerThread "G1 Conc#0"                       [id=12456, stack(0x0000002382600000,0x0000002382700000) (1024K)]
  0x000002200de318a0 WorkerThread "G1 Conc#1"                       [id=9932, stack(0x0000002384a00000,0x0000002384b00000) (1024K)]
  0x000002200de32720 WorkerThread "G1 Conc#2"                       [id=33240, stack(0x0000002384b00000,0x0000002384c00000) (1024K)]
  0x000002207fadecc0 ConcurrentGCThread "G1 Refine#0"               [id=18072, stack(0x0000002382700000,0x0000002382800000) (1024K)]
  0x000002207fae04f0 ConcurrentGCThread "G1 Service"                [id=42592, stack(0x0000002382800000,0x0000002382900000) (1024K)]
Total: 18

Threads with active compile tasks:
Total: 0

VM state: at safepoint (normal execution)

VM Mutex/Monitor currently owned by a thread:  ([mutex/lock_event])
[0x00007ff9203a7308] Threads_lock - owner thread: 0x000002207fc56e50

Heap address: 0x0000000704e00000, size: 4018 MB, Compressed Oops mode: Zero based, Oop shift amount: 3

CDS archive(s) not mapped
Compressed class space mapped at: 0x0000000800000000-0x0000000840000000, reserved size: 1073741824
Narrow klass base: 0x0000000800000000, Narrow klass shift: 0, Narrow klass range: 0x40000000

GC Precious Log:
 CardTable entry size: 512
 Card Set container configuration: InlinePtr #cards 4 size 8 Array Of Cards #cards 16 size 48 Howl #buckets 8 coarsen threshold 3686 Howl Bitmap #cards 512 size 80 coarsen threshold 460 Card regions per heap region 1 cards per card region 4096
 CPUs: 12 total, 12 available
 Memory: 16068M
 Large Page Support: Disabled
 NUMA Support: Disabled
 Compressed Oops: Enabled (Zero based)
 Heap Region Size: 2M
 Heap Min Capacity: 8M
 Heap Initial Capacity: 252M
 Heap Max Capacity: 4018M
 Pre-touch: Disabled
 Parallel Workers: 10
 Concurrent Workers: 3
 Concurrent Refinement Workers: 10
 Periodic GC: Disabled

Heap:
 garbage-first heap   total 108544K, used 64915K [0x0000000704e00000, 0x0000000800000000)
  region size 2048K, 21 young (43008K), 4 survivors (8192K)
 Metaspace       used 76960K, committed 77696K, reserved 1179648K
  class space    used 10038K, committed 10368K, reserved 1048576K

Heap Regions: E=young(eden), S=young(survivor), O=old, HS=humongous(starts), HC=humongous(continues), CS=collection set, F=free, TAMS=top-at-mark-start, PB=parsable bottom
|   0|0x0000000704e00000, 0x0000000705000000, 0x0000000705000000|100%| O|  |TAMS 0x0000000704e00000| PB 0x0000000704e00000| Untracked 
|   1|0x0000000705000000, 0x0000000705200000, 0x0000000705200000|100%| O|  |TAMS 0x0000000705000000| PB 0x0000000705000000| Untracked 
|   2|0x0000000705200000, 0x0000000705400000, 0x0000000705400000|100%| O|  |TAMS 0x0000000705200000| PB 0x0000000705200000| Untracked 
|   3|0x0000000705400000, 0x0000000705600000, 0x0000000705600000|100%| O|  |TAMS 0x0000000705400000| PB 0x0000000705400000| Untracked 
|   4|0x0000000705600000, 0x0000000705800000, 0x0000000705800000|100%| O|  |TAMS 0x0000000705600000| PB 0x0000000705600000| Untracked 
|   5|0x0000000705800000, 0x0000000705a00000, 0x0000000705a00000|100%| O|  |TAMS 0x0000000705800000| PB 0x0000000705800000| Untracked 
|   6|0x0000000705a00000, 0x0000000705c00000, 0x0000000705c00000|100%| O|  |TAMS 0x0000000705a00000| PB 0x0000000705a00000| Untracked 
|   7|0x0000000705c00000, 0x0000000705e00000, 0x0000000705e00000|100%| O|  |TAMS 0x0000000705c00000| PB 0x0000000705c00000| Untracked 
|   8|0x0000000705e00000, 0x0000000706000000, 0x0000000706000000|100%| O|  |TAMS 0x0000000705e00000| PB 0x0000000705e00000| Untracked 
|   9|0x0000000706000000, 0x0000000706168ea0, 0x0000000706200000| 70%| O|  |TAMS 0x0000000706000000| PB 0x0000000706000000| Untracked 
|  10|0x0000000706200000, 0x0000000706400000, 0x0000000706400000|100%| O|  |TAMS 0x0000000706200000| PB 0x0000000706200000| Untracked 
|  11|0x0000000706400000, 0x0000000706600000, 0x0000000706600000|100%| O|  |TAMS 0x0000000706400000| PB 0x0000000706400000| Untracked 
|  12|0x0000000706600000, 0x0000000706692ee8, 0x0000000706800000| 28%| O|  |TAMS 0x0000000706600000| PB 0x0000000706600000| Untracked 
|  13|0x0000000706800000, 0x0000000706800000, 0x0000000706a00000|  0%| F|  |TAMS 0x0000000706800000| PB 0x0000000706800000| Untracked 
|  14|0x0000000706a00000, 0x0000000706a00000, 0x0000000706c00000|  0%| F|  |TAMS 0x0000000706a00000| PB 0x0000000706a00000| Untracked 
|  15|0x0000000706c00000, 0x0000000706c00000, 0x0000000706e00000|  0%| F|  |TAMS 0x0000000706c00000| PB 0x0000000706c00000| Untracked 
|  16|0x0000000706e00000, 0x0000000706e00000, 0x0000000707000000|  0%| F|  |TAMS 0x0000000706e00000| PB 0x0000000706e00000| Untracked 
|  17|0x0000000707000000, 0x0000000707000000, 0x0000000707200000|  0%| F|  |TAMS 0x0000000707000000| PB 0x0000000707000000| Untracked 
|  18|0x0000000707200000, 0x0000000707200000, 0x0000000707400000|  0%| F|  |TAMS 0x0000000707200000| PB 0x0000000707200000| Untracked 
|  19|0x0000000707400000, 0x0000000707568ee0, 0x0000000707600000| 70%| S|CS|TAMS 0x0000000707400000| PB 0x0000000707400000| Complete 
|  20|0x0000000707600000, 0x0000000707800000, 0x0000000707800000|100%| S|CS|TAMS 0x0000000707600000| PB 0x0000000707600000| Complete 
|  21|0x0000000707800000, 0x0000000707800000, 0x0000000707a00000|  0%| F|  |TAMS 0x0000000707800000| PB 0x0000000707800000| Untracked 
|  22|0x0000000707a00000, 0x0000000707c00000, 0x0000000707c00000|100%| S|CS|TAMS 0x0000000707a00000| PB 0x0000000707a00000| Complete 
|  23|0x0000000707c00000, 0x0000000707e00000, 0x0000000707e00000|100%| S|CS|TAMS 0x0000000707c00000| PB 0x0000000707c00000| Complete 
|  24|0x0000000707e00000, 0x0000000707e00000, 0x0000000708000000|  0%| F|  |TAMS 0x0000000707e00000| PB 0x0000000707e00000| Untracked 
|  25|0x0000000708000000, 0x0000000708000000, 0x0000000708200000|  0%| F|  |TAMS 0x0000000708000000| PB 0x0000000708000000| Untracked 
|  26|0x0000000708200000, 0x0000000708200000, 0x0000000708400000|  0%| F|  |TAMS 0x0000000708200000| PB 0x0000000708200000| Untracked 
|  27|0x0000000708400000, 0x0000000708400000, 0x0000000708600000|  0%| F|  |TAMS 0x0000000708400000| PB 0x0000000708400000| Untracked 
|  28|0x0000000708600000, 0x0000000708600000, 0x0000000708800000|  0%| F|  |TAMS 0x0000000708600000| PB 0x0000000708600000| Untracked 
|  29|0x0000000708800000, 0x0000000708800000, 0x0000000708a00000|  0%| F|  |TAMS 0x0000000708800000| PB 0x0000000708800000| Untracked 
|  30|0x0000000708a00000, 0x0000000708a00000, 0x0000000708c00000|  0%| F|  |TAMS 0x0000000708a00000| PB 0x0000000708a00000| Untracked 
|  31|0x0000000708c00000, 0x0000000708c00000, 0x0000000708e00000|  0%| F|  |TAMS 0x0000000708c00000| PB 0x0000000708c00000| Untracked 
|  32|0x0000000708e00000, 0x0000000708e00000, 0x0000000709000000|  0%| F|  |TAMS 0x0000000708e00000| PB 0x0000000708e00000| Untracked 
|  33|0x0000000709000000, 0x0000000709000000, 0x0000000709200000|  0%| F|  |TAMS 0x0000000709000000| PB 0x0000000709000000| Untracked 
|  34|0x0000000709200000, 0x0000000709200000, 0x0000000709400000|  0%| F|  |TAMS 0x0000000709200000| PB 0x0000000709200000| Untracked 
|  35|0x0000000709400000, 0x0000000709400000, 0x0000000709600000|  0%| F|  |TAMS 0x0000000709400000| PB 0x0000000709400000| Untracked 
|  36|0x0000000709600000, 0x00000007096b6c20, 0x0000000709800000| 35%| E|  |TAMS 0x0000000709600000| PB 0x0000000709600000| Complete 
|  37|0x0000000709800000, 0x0000000709a00000, 0x0000000709a00000|100%| E|CS|TAMS 0x0000000709800000| PB 0x0000000709800000| Complete 
|  38|0x0000000709a00000, 0x0000000709c00000, 0x0000000709c00000|100%| E|CS|TAMS 0x0000000709a00000| PB 0x0000000709a00000| Complete 
|  39|0x0000000709c00000, 0x0000000709e00000, 0x0000000709e00000|100%| E|CS|TAMS 0x0000000709c00000| PB 0x0000000709c00000| Complete 
|  40|0x0000000709e00000, 0x000000070a000000, 0x000000070a000000|100%| E|CS|TAMS 0x0000000709e00000| PB 0x0000000709e00000| Complete 
|  41|0x000000070a000000, 0x000000070a200000, 0x000000070a200000|100%| E|CS|TAMS 0x000000070a000000| PB 0x000000070a000000| Complete 
|  42|0x000000070a200000, 0x000000070a400000, 0x000000070a400000|100%| E|CS|TAMS 0x000000070a200000| PB 0x000000070a200000| Complete 
|  43|0x000000070a400000, 0x000000070a600000, 0x000000070a600000|100%| E|CS|TAMS 0x000000070a400000| PB 0x000000070a400000| Complete 
|  44|0x000000070a600000, 0x000000070a800000, 0x000000070a800000|100%| E|CS|TAMS 0x000000070a600000| PB 0x000000070a600000| Complete 
|  45|0x000000070a800000, 0x000000070aa00000, 0x000000070aa00000|100%| E|CS|TAMS 0x000000070a800000| PB 0x000000070a800000| Complete 
|  46|0x000000070aa00000, 0x000000070ac00000, 0x000000070ac00000|100%| E|CS|TAMS 0x000000070aa00000| PB 0x000000070aa00000| Complete 
|  47|0x000000070ac00000, 0x000000070ae00000, 0x000000070ae00000|100%| E|CS|TAMS 0x000000070ac00000| PB 0x000000070ac00000| Complete 
|  48|0x000000070ae00000, 0x000000070b000000, 0x000000070b000000|100%| E|CS|TAMS 0x000000070ae00000| PB 0x000000070ae00000| Complete 
|  70|0x000000070da00000, 0x000000070dc00000, 0x000000070dc00000|100%| E|CS|TAMS 0x000000070da00000| PB 0x000000070da00000| Complete 
|  71|0x000000070dc00000, 0x000000070de00000, 0x000000070de00000|100%| E|CS|TAMS 0x000000070dc00000| PB 0x000000070dc00000| Complete 
|  72|0x000000070de00000, 0x000000070e000000, 0x000000070e000000|100%| E|CS|TAMS 0x000000070de00000| PB 0x000000070de00000| Complete 
| 125|0x0000000714800000, 0x0000000714a00000, 0x0000000714a00000|100%| E|CS|TAMS 0x0000000714800000| PB 0x0000000714800000| Complete 

Card table byte_map: [0x000002207e7f0000,0x000002207efd0000] _byte_map_base: 0x000002207afc9000

Marking Bits: (CMBitMap*) 0x000002207a2550b0
 Bits: [0x0000022003000000, 0x0000022006ec8000)

Polling page: 0x00000220782a0000

Metaspace:

Usage:
  Non-class:     65.35 MB used.
      Class:      9.80 MB used.
       Both:     75.16 MB used.

Virtual space:
  Non-class space:      128.00 MB reserved,      65.75 MB ( 51%) committed,  2 nodes.
      Class space:        1.00 GB reserved,      10.12 MB ( <1%) committed,  1 nodes.
             Both:        1.12 GB reserved,      75.88 MB (  7%) committed. 

Chunk freelists:
   Non-Class:  13.78 MB
       Class:  5.81 MB
        Both:  19.59 MB

MaxMetaspaceSize: unlimited
CompressedClassSpaceSize: 1.00 GB
Initial GC threshold: 21.00 MB
Current GC threshold: 97.94 MB
CDS: off
 - commit_granule_bytes: 65536.
 - commit_granule_words: 8192.
 - virtual_space_node_default_size: 8388608.
 - enlarge_chunks_in_place: 1.
 - use_allocation_guard: 0.


Internal statistics:

num_allocs_failed_limit: 9.
num_arena_births: 1118.
num_arena_deaths: 0.
num_vsnodes_births: 3.
num_vsnodes_deaths: 0.
num_space_committed: 1214.
num_space_uncommitted: 0.
num_chunks_returned_to_freelist: 9.
num_chunks_taken_from_freelist: 3509.
num_chunk_merges: 6.
num_chunk_splits: 2517.
num_chunks_enlarged: 1936.
num_inconsistent_stats: 0.

CodeCache: size=49152Kb used=12196Kb max_used=13610Kb free=36955Kb
 bounds [0x0000022000000000, 0x0000022000d50000, 0x0000022003000000]
 total_blobs=7128 nmethods=6426 adapters=625
 compilation: enabled
              stopped_count=0, restarted_count=0
 full_count=0

Compilation events (20 events):
Event: 324.189 Thread 0x000002200f46e690 nmethod 6463 0x00000220001a1110 code [0x00000220001a12a0, 0x00000220001a1380]
Event: 324.189 Thread 0x000002200d088420 nmethod 6467 0x00000220001a0e10 code [0x00000220001a0fa0, 0x00000220001a1068]
Event: 326.928 Thread 0x000002200d088420 6469       1       org.apache.catalina.webresources.CachedResource::getNextCheck (5 bytes)
Event: 326.928 Thread 0x000002200d088420 nmethod 6469 0x00000220001a0b10 code [0x00000220001a0ca0, 0x00000220001a0d70]
Event: 376.947 Thread 0x000002200d088420 6470       1       java.util.TreeSet::add (22 bytes)
Event: 376.947 Thread 0x000002200d088420 nmethod 6470 0x00000220001a0790 code [0x00000220001a0920, 0x00000220001a0a48]
Event: 387.438 Thread 0x000002200d088420 6471   !   1       sun.nio.ch.WEPollSelectorImpl::processUpdateQueue (203 bytes)
Event: 387.440 Thread 0x000002200d088420 nmethod 6471 0x000002200019f710 code [0x000002200019f920, 0x000002200019fee8]
Event: 387.440 Thread 0x000002200d088420 6472       1       java.nio.channels.spi.AbstractSelector::begin (48 bytes)
Event: 387.441 Thread 0x000002200d088420 nmethod 6472 0x000002200019ef10 code [0x000002200019f0e0, 0x000002200019f510]
Event: 426.995 Thread 0x000002200d088420 6474       1       java.util.EventObject::getSource (5 bytes)
Event: 426.995 Thread 0x000002200d088420 nmethod 6474 0x000002200019ec10 code [0x000002200019eda0, 0x000002200019ee70]
Event: 437.004 Thread 0x000002200d088420 6475       1       org.apache.catalina.core.ContainerBase::getBackgroundProcessorDelay (5 bytes)
Event: 437.004 Thread 0x000002200d088420 nmethod 6475 0x000002200019e910 code [0x000002200019eaa0, 0x000002200019eb68]
Event: 437.004 Thread 0x000002200d088420 6476       1       org.apache.catalina.valves.ValveBase::backgroundProcess (1 bytes)
Event: 437.004 Thread 0x000002200d088420 nmethod 6476 0x000002200019e610 code [0x000002200019e7a0, 0x000002200019e868]
Event: 467.550 Thread 0x000002200d088420 6477       1       jdk.internal.loader.URLClassPath$FileLoader$1::getURL (5 bytes)
Event: 467.550 Thread 0x000002200d088420 nmethod 6477 0x000002200019e310 code [0x000002200019e4a0, 0x000002200019e570]
Event: 482.245 Thread 0x000002200d088420 6478       1       java.io.BufferedOutputStream::flushBuffer (29 bytes)
Event: 482.245 Thread 0x000002200d088420 nmethod 6478 0x000002200019df90 code [0x000002200019e120, 0x000002200019e240]

GC Heap History (20 events):
Event: 5.097 GC heap before
{Heap before GC invocations=8 (full 0):
 garbage-first heap   total 149504K, used 56811K [0x0000000704e00000, 0x0000000800000000)
  region size 2048K, 26 young (53248K), 4 survivors (8192K)
 Metaspace       used 35610K, committed 35968K, reserved 1114112K
  class space    used 4132K, committed 4288K, reserved 1048576K
}
Event: 5.109 GC heap after
{Heap after GC invocations=9 (full 0):
 garbage-first heap   total 149504K, used 17199K [0x0000000704e00000, 0x0000000800000000)
  region size 2048K, 4 young (8192K), 4 survivors (8192K)
 Metaspace       used 35610K, committed 35968K, reserved 1114112K
  class space    used 4132K, committed 4288K, reserved 1048576K
}
Event: 5.772 GC heap before
{Heap before GC invocations=10 (full 0):
 garbage-first heap   total 61440K, used 45871K [0x0000000704e00000, 0x0000000800000000)
  region size 2048K, 18 young (36864K), 4 survivors (8192K)
 Metaspace       used 37766K, committed 38272K, reserved 1114112K
  class space    used 4473K, committed 4736K, reserved 1048576K
}
Event: 5.792 GC heap after
{Heap after GC invocations=11 (full 0):
 garbage-first heap   total 61440K, used 18025K [0x0000000704e00000, 0x0000000800000000)
  region size 2048K, 2 young (4096K), 2 survivors (4096K)
 Metaspace       used 37766K, committed 38272K, reserved 1114112K
  class space    used 4473K, committed 4736K, reserved 1048576K
}
Event: 6.405 GC heap before
{Heap before GC invocations=11 (full 0):
 garbage-first heap   total 61440K, used 50793K [0x0000000704e00000, 0x0000000800000000)
  region size 2048K, 18 young (36864K), 2 survivors (4096K)
 Metaspace       used 40969K, committed 41472K, reserved 1114112K
  class space    used 4937K, committed 5120K, reserved 1048576K
}
Event: 6.421 GC heap after
{Heap after GC invocations=12 (full 0):
 garbage-first heap   total 159744K, used 19964K [0x0000000704e00000, 0x0000000800000000)
  region size 2048K, 3 young (6144K), 3 survivors (6144K)
 Metaspace       used 40969K, committed 41472K, reserved 1114112K
  class space    used 4937K, committed 5120K, reserved 1048576K
}
Event: 7.729 GC heap before
{Heap before GC invocations=12 (full 0):
 garbage-first heap   total 159744K, used 105980K [0x0000000704e00000, 0x0000000800000000)
  region size 2048K, 46 young (94208K), 3 survivors (6144K)
 Metaspace       used 49079K, committed 49664K, reserved 1114112K
  class space    used 6123K, committed 6400K, reserved 1048576K
}
Event: 7.740 GC heap after
{Heap after GC invocations=13 (full 0):
 garbage-first heap   total 159744K, used 22043K [0x0000000704e00000, 0x0000000800000000)
  region size 2048K, 4 young (8192K), 4 survivors (8192K)
 Metaspace       used 49079K, committed 49664K, reserved 1114112K
  class space    used 6123K, committed 6400K, reserved 1048576K
}
Event: 8.997 GC heap before
{Heap before GC invocations=13 (full 0):
 garbage-first heap   total 159744K, used 108059K [0x0000000704e00000, 0x0000000800000000)
  region size 2048K, 46 young (94208K), 4 survivors (8192K)
 Metaspace       used 57753K, committed 58368K, reserved 1114112K
  class space    used 7200K, committed 7488K, reserved 1048576K
}
Event: 9.011 GC heap after
{Heap after GC invocations=14 (full 0):
 garbage-first heap   total 159744K, used 26232K [0x0000000704e00000, 0x0000000800000000)
  region size 2048K, 5 young (10240K), 5 survivors (10240K)
 Metaspace       used 57753K, committed 58368K, reserved 1114112K
  class space    used 7200K, committed 7488K, reserved 1048576K
}
Event: 9.155 GC heap before
{Heap before GC invocations=14 (full 0):
 garbage-first heap   total 159744K, used 34424K [0x0000000704e00000, 0x0000000800000000)
  region size 2048K, 10 young (20480K), 5 survivors (10240K)
 Metaspace       used 59500K, committed 60096K, reserved 1114112K
  class space    used 7510K, committed 7808K, reserved 1048576K
}
Event: 9.166 GC heap after
{Heap after GC invocations=15 (full 0):
 garbage-first heap   total 159744K, used 25649K [0x0000000704e00000, 0x0000000800000000)
  region size 2048K, 3 young (6144K), 3 survivors (6144K)
 Metaspace       used 59500K, committed 60096K, reserved 1114112K
  class space    used 7510K, committed 7808K, reserved 1048576K
}
Event: 10.023 GC heap before
{Heap before GC invocations=16 (full 0):
 garbage-first heap   total 90112K, used 72753K [0x0000000704e00000, 0x0000000800000000)
  region size 2048K, 26 young (53248K), 3 survivors (6144K)
 Metaspace       used 63455K, committed 64064K, reserved 1114112K
  class space    used 8225K, committed 8512K, reserved 1048576K
}
Event: 10.030 GC heap after
{Heap after GC invocations=17 (full 0):
 garbage-first heap   total 90112K, used 26297K [0x0000000704e00000, 0x0000000800000000)
  region size 2048K, 3 young (6144K), 3 survivors (6144K)
 Metaspace       used 63455K, committed 64064K, reserved 1114112K
  class space    used 8225K, committed 8512K, reserved 1048576K
}
Event: 10.796 GC heap before
{Heap before GC invocations=17 (full 0):
 garbage-first heap   total 90112K, used 71353K [0x0000000704e00000, 0x0000000800000000)
  region size 2048K, 26 young (53248K), 3 survivors (6144K)
 Metaspace       used 68050K, committed 68736K, reserved 1114112K
  class space    used 8819K, committed 9152K, reserved 1048576K
}
Event: 10.805 GC heap after
{Heap after GC invocations=18 (full 0):
 garbage-first heap   total 90112K, used 27685K [0x0000000704e00000, 0x0000000800000000)
  region size 2048K, 4 young (8192K), 4 survivors (8192K)
 Metaspace       used 68050K, committed 68736K, reserved 1114112K
  class space    used 8819K, committed 9152K, reserved 1048576K
}
Event: 11.533 GC heap before
{Heap before GC invocations=18 (full 0):
 garbage-first heap   total 90112K, used 72741K [0x0000000704e00000, 0x0000000800000000)
  region size 2048K, 26 young (53248K), 4 survivors (8192K)
 Metaspace       used 69711K, committed 70336K, reserved 1114112K
  class space    used 9055K, committed 9344K, reserved 1048576K
}
Event: 11.541 GC heap after
{Heap after GC invocations=19 (full 0):
 garbage-first heap   total 108544K, used 28529K [0x0000000704e00000, 0x0000000800000000)
  region size 2048K, 2 young (4096K), 2 survivors (4096K)
 Metaspace       used 69711K, committed 70336K, reserved 1114112K
  class space    used 9055K, committed 9344K, reserved 1048576K
}
Event: 12.573 GC heap before
{Heap before GC invocations=19 (full 0):
 garbage-first heap   total 108544K, used 87921K [0x0000000704e00000, 0x0000000800000000)
  region size 2048K, 31 young (63488K), 2 survivors (4096K)
 Metaspace       used 73811K, committed 74496K, reserved 1114112K
  class space    used 9628K, committed 9920K, reserved 1048576K
}
Event: 12.583 GC heap after
{Heap after GC invocations=20 (full 0):
 garbage-first heap   total 108544K, used 32147K [0x0000000704e00000, 0x0000000800000000)
  region size 2048K, 4 young (8192K), 4 survivors (8192K)
 Metaspace       used 73811K, committed 74496K, reserved 1114112K
  class space    used 9628K, committed 9920K, reserved 1048576K
}

Dll operation events (12 events):
Event: 0.033 Loaded shared library C:\Eclipse\sts-4.26.0.RELEASE\plugins\org.eclipse.justj.openjdk.hotspot.jre.full.win32.x86_64_21.0.4.v20240802-1551\jre\bin\java.dll
Event: 0.042 Loaded shared library C:\Eclipse\sts-4.26.0.RELEASE\plugins\org.eclipse.justj.openjdk.hotspot.jre.full.win32.x86_64_21.0.4.v20240802-1551\jre\bin\zip.dll
Event: 0.647 Loaded shared library C:\Eclipse\sts-4.26.0.RELEASE\plugins\org.eclipse.justj.openjdk.hotspot.jre.full.win32.x86_64_21.0.4.v20240802-1551\jre\bin\instrument.dll
Event: 0.669 Loaded shared library C:\Eclipse\sts-4.26.0.RELEASE\plugins\org.eclipse.justj.openjdk.hotspot.jre.full.win32.x86_64_21.0.4.v20240802-1551\jre\bin\net.dll
Event: 0.674 Loaded shared library C:\Eclipse\sts-4.26.0.RELEASE\plugins\org.eclipse.justj.openjdk.hotspot.jre.full.win32.x86_64_21.0.4.v20240802-1551\jre\bin\nio.dll
Event: 0.689 Loaded shared library C:\Eclipse\sts-4.26.0.RELEASE\plugins\org.eclipse.justj.openjdk.hotspot.jre.full.win32.x86_64_21.0.4.v20240802-1551\jre\bin\zip.dll
Event: 0.999 Loaded shared library C:\Eclipse\sts-4.26.0.RELEASE\plugins\org.eclipse.justj.openjdk.hotspot.jre.full.win32.x86_64_21.0.4.v20240802-1551\jre\bin\jimage.dll
Event: 1.104 Loaded shared library C:\Eclipse\sts-4.26.0.RELEASE\plugins\org.eclipse.justj.openjdk.hotspot.jre.full.win32.x86_64_21.0.4.v20240802-1551\jre\bin\management.dll
Event: 1.126 Loaded shared library C:\Eclipse\sts-4.26.0.RELEASE\plugins\org.eclipse.justj.openjdk.hotspot.jre.full.win32.x86_64_21.0.4.v20240802-1551\jre\bin\management_ext.dll
Event: 1.595 Loaded shared library C:\Eclipse\sts-4.26.0.RELEASE\plugins\org.eclipse.justj.openjdk.hotspot.jre.full.win32.x86_64_21.0.4.v20240802-1551\jre\bin\extnet.dll
Event: 1.643 Loaded shared library C:\Eclipse\sts-4.26.0.RELEASE\plugins\org.eclipse.justj.openjdk.hotspot.jre.full.win32.x86_64_21.0.4.v20240802-1551\jre\bin\verify.dll
Event: 3.847 Loaded shared library C:\Eclipse\sts-4.26.0.RELEASE\plugins\org.eclipse.justj.openjdk.hotspot.jre.full.win32.x86_64_21.0.4.v20240802-1551\jre\bin\sunmscapi.dll

Deoptimization events (20 events):
Event: 16.899 Thread 0x00000220105a26a0 DEOPT PACKING pc=0x0000022000554c59 sp=0x00000023853fc5b0
Event: 16.899 Thread 0x00000220105a26a0 DEOPT UNPACKING pc=0x0000022000054e42 sp=0x00000023853fba08 mode 1
Event: 16.899 Thread 0x00000220105a26a0 DEOPT PACKING pc=0x0000022000550e0c sp=0x00000023853fc640
Event: 16.899 Thread 0x00000220105a26a0 DEOPT UNPACKING pc=0x0000022000054e42 sp=0x00000023853fbae8 mode 1
Event: 16.899 Thread 0x00000220105a26a0 DEOPT PACKING pc=0x00000220004faef4 sp=0x00000023853fd0c0
Event: 16.899 Thread 0x00000220105a26a0 DEOPT UNPACKING pc=0x0000022000054e42 sp=0x00000023853fc588 mode 1
Event: 16.899 Thread 0x00000220105a26a0 DEOPT PACKING pc=0x00000220007ba7d4 sp=0x00000023853fd150
Event: 16.899 Thread 0x00000220105a26a0 DEOPT UNPACKING pc=0x0000022000054e42 sp=0x00000023853fc770 mode 1
Event: 16.917 Thread 0x00000220105a26a0 DEOPT PACKING pc=0x0000022000554c59 sp=0x00000023853fc360
Event: 16.917 Thread 0x00000220105a26a0 DEOPT UNPACKING pc=0x0000022000054e42 sp=0x00000023853fb7b8 mode 1
Event: 16.917 Thread 0x00000220105a26a0 DEOPT PACKING pc=0x0000022000550e0c sp=0x00000023853fc3f0
Event: 16.917 Thread 0x00000220105a26a0 DEOPT UNPACKING pc=0x0000022000054e42 sp=0x00000023853fb8a8 mode 1
Event: 16.918 Thread 0x00000220105a26a0 DEOPT PACKING pc=0x0000022000554c59 sp=0x00000023853fc420
Event: 16.918 Thread 0x00000220105a26a0 DEOPT UNPACKING pc=0x0000022000054e42 sp=0x00000023853fb878 mode 1
Event: 16.918 Thread 0x00000220105a26a0 DEOPT PACKING pc=0x0000022000550e0c sp=0x00000023853fc4b0
Event: 16.918 Thread 0x00000220105a26a0 DEOPT UNPACKING pc=0x0000022000054e42 sp=0x00000023853fb968 mode 1
Event: 16.918 Thread 0x00000220105a26a0 DEOPT PACKING pc=0x0000022000554c59 sp=0x00000023853fc4f0
Event: 16.918 Thread 0x00000220105a26a0 DEOPT UNPACKING pc=0x0000022000054e42 sp=0x00000023853fb948 mode 1
Event: 16.918 Thread 0x00000220105a26a0 DEOPT PACKING pc=0x0000022000550e0c sp=0x00000023853fc580
Event: 16.918 Thread 0x00000220105a26a0 DEOPT UNPACKING pc=0x0000022000054e42 sp=0x00000023853fba38 mode 1

Classes loaded (20 events):
Event: 16.831 Loading class sun/nio/cs/ThreadLocalCoders$Cache done
Event: 16.831 Loading class sun/nio/cs/ThreadLocalCoders$1 done
Event: 16.831 Loading class sun/nio/cs/ThreadLocalCoders$2
Event: 16.831 Loading class sun/nio/cs/ThreadLocalCoders$2 done
Event: 16.956 Loading class java/io/FileOutputStream$1
Event: 16.956 Loading class java/io/FileOutputStream$1 done
Event: 17.044 Loading class java/time/format/DateTimeFormatterBuilder$ZoneTextPrinterParser
Event: 17.045 Loading class java/time/format/DateTimeFormatterBuilder$ZoneTextPrinterParser done
Event: 17.045 Loading class java/time/format/DateTimeFormatterBuilder$ReducedPrinterParser
Event: 17.045 Loading class java/time/format/DateTimeFormatterBuilder$ReducedPrinterParser done
Event: 17.047 Loading class java/io/PushbackInputStream
Event: 17.047 Loading class java/io/PushbackInputStream done
Event: 17.092 Loading class java/util/OptionalLong
Event: 17.092 Loading class java/util/OptionalLong done
Event: 17.092 Loading class java/util/OptionalDouble
Event: 17.092 Loading class java/util/OptionalDouble done
Event: 17.149 Loading class java/util/stream/LongStream
Event: 17.150 Loading class java/util/stream/LongStream done
Event: 17.150 Loading class java/util/stream/DoubleStream
Event: 17.150 Loading class java/util/stream/DoubleStream done

Classes unloaded (0 events):
No events

Classes redefined (0 events):
No events

Internal exceptions (20 events):
Event: 10.428 Thread 0x000002207a1ea810 Exception <a 'java/lang/NoSuchMethodError'{0x0000000708eeb9d8}: 'void java.lang.invoke.Invokers$Holder.invokeExact_MT(java.lang.Object, java.lang.Object, java.lang.Object, java.lang.Object)'> (0x0000000708eeb9d8) 
thrown [s\src\hotspot\share\interpreter\linkResolver.cpp, line 773]
Event: 10.528 Thread 0x000002207a1ea810 Exception <a 'java/lang/IncompatibleClassChangeError'{0x0000000708911720}: Found class java.lang.Object, but interface was expected> (0x0000000708911720) 
thrown [s\src\hotspot\share\interpreter\linkResolver.cpp, line 840]
Event: 10.541 Thread 0x000002207a1ea810 Exception <a 'java/lang/IncompatibleClassChangeError'{0x00000007089ba630}: Found class java.lang.Object, but interface was expected> (0x00000007089ba630) 
thrown [s\src\hotspot\share\interpreter\linkResolver.cpp, line 840]
Event: 10.597 Thread 0x000002207a1ea810 Exception <a 'java/lang/IncompatibleClassChangeError'{0x000000070855ab18}: Found class java.lang.Object, but interface was expected> (0x000000070855ab18) 
thrown [s\src\hotspot\share\interpreter\linkResolver.cpp, line 840]
Event: 10.832 Thread 0x000002207a1ea810 Exception <a 'java/lang/IncompatibleClassChangeError'{0x000000071496cba0}: Found class java.lang.Object, but interface was expected> (0x000000071496cba0) 
thrown [s\src\hotspot\share\interpreter\linkResolver.cpp, line 840]
Event: 11.202 Thread 0x000002207a1ea810 Exception <a 'java/lang/IncompatibleClassChangeError'{0x00000007092dcc78}: Found class java.lang.Object, but interface was expected> (0x00000007092dcc78) 
thrown [s\src\hotspot\share\interpreter\linkResolver.cpp, line 840]
Event: 11.643 Thread 0x000002207a1ea810 Exception <a 'java/lang/NoSuchMethodError'{0x000000070dc2f3e0}: 'java.lang.Object java.lang.invoke.DirectMethodHandle$Holder.newInvokeSpecial(java.lang.Object, java.lang.Object, java.lang.Object, java.lang.Object, java.lang.Object, java.lang.Object, java.lang.Object, java.lang.Object)'> (0x000000070dc2f3e0) 
thrown [s\src\hotspot\share\interpreter\linkResolver.cpp, line 773]
Event: 11.802 Thread 0x000002207a1ea810 Exception <a 'java/lang/NoSuchMethodError'{0x000000070a65d698}: 'java.lang.Object java.lang.invoke.DirectMethodHandle$Holder.invokeVirtual(java.lang.Object, java.lang.Object, java.lang.Object, java.lang.Object, java.lang.Object, java.lang.Object, java.lang.Object)'> (0x000000070a65d698) 
thrown [s\src\hotspot\share\interpreter\linkResolver.cpp, line 773]
Event: 12.203 Thread 0x000002207a1ea810 Exception <a 'java/lang/IncompatibleClassChangeError'{0x00000007093f0c20}: Found class java.lang.Object, but interface was expected> (0x00000007093f0c20) 
thrown [s\src\hotspot\share\interpreter\linkResolver.cpp, line 840]
Event: 12.265 Thread 0x000002207a1ea810 Exception <a 'java/lang/NoSuchMethodError'{0x0000000708f44b88}: 'void java.lang.invoke.DirectMethodHandle$Holder.invokeVirtual(java.lang.Object, java.lang.Object, long)'> (0x0000000708f44b88) 
thrown [s\src\hotspot\share\interpreter\linkResolver.cpp, line 773]
Event: 12.397 Thread 0x000002207a1ea810 Exception <a 'java/lang/NoSuchMethodError'{0x000000070846cfc0}: 'int java.lang.invoke.DirectMethodHandle$Holder.invokeStaticInit(java.lang.Object, java.lang.Object, java.lang.Object, java.lang.Object)'> (0x000000070846cfc0) 
thrown [s\src\hotspot\share\interpreter\linkResolver.cpp, line 773]
Event: 12.434 Thread 0x000002207a1ea810 Exception <a 'java/lang/NoSuchMethodError'{0x0000000708595458}: 'java.lang.Object java.lang.invoke.DirectMethodHandle$Holder.invokeVirtual(java.lang.Object, java.lang.Object, java.lang.Object, java.lang.Object, java.lang.Object, java.lang.Object, java.lang.Object, java.lang.Object, java.lang.Object)'> (0x0000000708595458) 
thrown [s\src\hotspot\share\interpreter\linkResolver.cpp, line 773]
Event: 12.493 Thread 0x000002207a1ea810 Exception <a 'java/lang/NoSuchMethodError'{0x0000000708099520}: 'java.lang.Object java.lang.invoke.DirectMethodHandle$Holder.invokeVirtual(java.lang.Object, java.lang.Object, java.lang.Object, java.lang.Object, java.lang.Object, java.lang.Object, java.lang.Object, java.lang.Object, java.lang.Object, java.lang.Object)'> (0x0000000708099520) 
thrown [s\src\hotspot\share\interpreter\linkResolver.cpp, line 773]
Event: 12.610 Thread 0x000002207a1ea810 Exception <a 'java/lang/IncompatibleClassChangeError'{0x0000000714860bb0}: Found class java.lang.Object, but interface was expected> (0x0000000714860bb0) 
thrown [s\src\hotspot\share\interpreter\linkResolver.cpp, line 840]
Event: 12.739 Thread 0x000002207a1ea810 Exception <a 'java/lang/NoSuchMethodError'{0x000000070dac2178}: 'java.lang.Object java.lang.invoke.DirectMethodHandle$Holder.newInvokeSpecial(java.lang.Object, java.lang.Object, int, java.lang.Object, java.lang.Object)'> (0x000000070dac2178) 
thrown [s\src\hotspot\share\interpreter\linkResolver.cpp, line 773]
Event: 12.740 Thread 0x000002207a1ea810 Exception <a 'java/lang/NoSuchMethodError'{0x000000070dacd378}: 'java.lang.Object java.lang.invoke.DirectMethodHandle$Holder.invokeSpecial(java.lang.Object, java.lang.Object, int, java.lang.Object, int, java.lang.Object)'> (0x000000070dacd378) 
thrown [s\src\hotspot\share\interpreter\linkResolver.cpp, line 773]
Event: 12.740 Thread 0x000002207a1ea810 Exception <a 'java/lang/NoSuchMethodError'{0x000000070dad4748}: 'java.lang.Object java.lang.invoke.DirectMethodHandle$Holder.newInvokeSpecial(java.lang.Object, java.lang.Object, int, java.lang.Object, int)'> (0x000000070dad4748) 
thrown [s\src\hotspot\share\interpreter\linkResolver.cpp, line 773]
Event: 12.741 Thread 0x000002207a1ea810 Exception <a 'java/lang/NoSuchMethodError'{0x000000070dad8648}: 'java.lang.Object java.lang.invoke.DirectMethodHandle$Holder.invokeSpecial(java.lang.Object, java.lang.Object, java.lang.Object, int, java.lang.Object, int)'> (0x000000070dad8648) 
thrown [s\src\hotspot\share\interpreter\linkResolver.cpp, line 773]
Event: 16.824 Thread 0x00000220105a26a0 Exception <a 'java/lang/NoSuchMethodError'{0x000000070a8866d0}: 'java.lang.Object java.lang.invoke.DirectMethodHandle$Holder.invokeSpecial(java.lang.Object, java.lang.Object, java.lang.Object, java.lang.Object, java.lang.Object, long)'> (0x000000070a8866d0) 
thrown [s\src\hotspot\share\interpreter\linkResolver.cpp, line 773]
Event: 16.824 Thread 0x00000220105a26a0 Exception <a 'java/lang/NoSuchMethodError'{0x000000070a889ea0}: 'java.lang.Object java.lang.invoke.Invokers$Holder.linkToTargetMethod(java.lang.Object, java.lang.Object, java.lang.Object, long, java.lang.Object)'> (0x000000070a889ea0) 
thrown [s\src\hotspot\share\interpreter\linkResolver.cpp, line 773]

ZGC Phase Switch (0 events):
No events

VM Operations (20 events):
Event: 217.385 Executing VM operation: Cleanup done
Event: 219.397 Executing VM operation: Cleanup
Event: 219.397 Executing VM operation: Cleanup done
Event: 234.537 Executing VM operation: Cleanup
Event: 234.537 Executing VM operation: Cleanup done
Event: 257.700 Executing VM operation: Cleanup
Event: 257.700 Executing VM operation: Cleanup done
Event: 260.730 Executing VM operation: Cleanup
Event: 260.730 Executing VM operation: Cleanup done
Event: 261.738 Executing VM operation: Cleanup
Event: 261.738 Executing VM operation: Cleanup done
Event: 316.054 Executing VM operation: Cleanup
Event: 316.054 Executing VM operation: Cleanup done
Event: 323.057 Executing VM operation: Cleanup
Event: 323.057 Executing VM operation: Cleanup done
Event: 325.058 Executing VM operation: Cleanup
Event: 325.058 Executing VM operation: Cleanup done
Event: 472.891 Executing VM operation: Cleanup
Event: 472.891 Executing VM operation: Cleanup done
Event: 518.324 Executing VM operation: RedefineClasses

Memory protections (0 events):
No events

Nmethod flushes (20 events):
Event: 9.193 Thread 0x000002207fc56e50 flushing  nmethod 0x00000220005d6990
Event: 9.193 Thread 0x000002207fc56e50 flushing  nmethod 0x0000022000781210
Event: 9.193 Thread 0x000002207fc56e50 flushing  nmethod 0x00000220007cc810
Event: 9.193 Thread 0x000002207fc56e50 flushing  nmethod 0x0000022000655e90
Event: 9.193 Thread 0x000002207fc56e50 flushing  nmethod 0x00000220003cdc90
Event: 9.193 Thread 0x000002207fc56e50 flushing  nmethod 0x000002200044ec10
Event: 9.193 Thread 0x000002207fc56e50 flushing  nmethod 0x0000022000899a10
Event: 9.194 Thread 0x000002207fc56e50 flushing  nmethod 0x0000022000432c10
Event: 9.194 Thread 0x000002207fc56e50 flushing  nmethod 0x0000022000726210
Event: 9.194 Thread 0x000002207fc56e50 flushing  nmethod 0x0000022000864b90
Event: 9.194 Thread 0x000002207fc56e50 flushing  nmethod 0x000002200041f510
Event: 9.194 Thread 0x000002207fc56e50 flushing  nmethod 0x00000220007fb210
Event: 9.194 Thread 0x000002207fc56e50 flushing  nmethod 0x0000022000849a90
Event: 9.194 Thread 0x000002207fc56e50 flushing  nmethod 0x0000022000408a90
Event: 9.194 Thread 0x000002207fc56e50 flushing  nmethod 0x00000220004e2490
Event: 9.194 Thread 0x000002207fc56e50 flushing  nmethod 0x0000022000436b10
Event: 9.194 Thread 0x000002207fc56e50 flushing  nmethod 0x0000022000436f10
Event: 9.194 Thread 0x000002207fc56e50 flushing  nmethod 0x00000220004d1610
Event: 9.194 Thread 0x000002207fc56e50 flushing  nmethod 0x00000220004d9210
Event: 9.194 Thread 0x000002207fc56e50 flushing  nmethod 0x00000220007c7d90

Events (20 events):
Event: 12.754 Thread 0x000002207a1ea810 Thread added: 0x00000220105a5b20
Event: 12.754 Thread 0x000002207a1ea810 Thread added: 0x00000220105a2d30
Event: 12.755 Thread 0x000002207a1ea810 Thread added: 0x00000220105a3a50
Event: 12.755 Thread 0x000002207a1ea810 Thread added: 0x00000220105a40e0
Event: 12.755 Thread 0x000002207a1ea810 Thread added: 0x00000220105a33c0
Event: 12.755 Thread 0x000002207a1ea810 Thread added: 0x00000220105a4770
Event: 12.755 Thread 0x000002207a1ea810 Thread added: 0x00000220105a4e00
Event: 12.755 Thread 0x000002207a1ea810 Thread added: 0x00000220105a5490
Event: 12.755 Thread 0x000002207a1ea810 Thread added: 0x0000022010a13da0
Event: 12.775 Thread 0x000002207a1ea810 Thread added: 0x0000022010a15150
Event: 12.777 Thread 0x000002207a1ea810 Thread added: 0x0000022010a13080
Event: 12.804 Thread 0x000002207a1ea810 Thread exited: 0x000002207a1ea810
Event: 12.804 Thread 0x0000022010a15e70 Thread added: 0x0000022010a15e70
Event: 13.471 Thread 0x000002200f295d70 Thread exited: 0x000002200f295d70
Event: 22.211 Thread 0x000002200d19fd50 Thread exited: 0x000002200d19fd50
Event: 22.211 Thread 0x000002200d1a0420 Thread exited: 0x000002200d1a0420
Event: 26.686 Thread 0x000002200d1a11c0 Thread exited: 0x000002200d1a11c0
Event: 92.065 Thread 0x000002200e20fca0 Thread exited: 0x000002200e20fca0
Event: 324.187 Thread 0x000002200d088420 Thread added: 0x000002200f46e690
Event: 326.928 Thread 0x000002200f46e690 Thread exited: 0x000002200f46e690


Dynamic libraries:
0x00007ff61b8e0000 - 0x00007ff61b8ee000 	C:\Eclipse\sts-4.26.0.RELEASE\plugins\org.eclipse.justj.openjdk.hotspot.jre.full.win32.x86_64_21.0.4.v20240802-1551\jre\bin\javaw.exe
0x00007ff99b1c0000 - 0x00007ff99b423000 	C:\WINDOWS\SYSTEM32\ntdll.dll
0x00007ff99a3c0000 - 0x00007ff99a487000 	C:\WINDOWS\System32\KERNEL32.DLL
0x00007ff9988c0000 - 0x00007ff998c87000 	C:\WINDOWS\System32\KERNELBASE.dll
0x00007ff9986e0000 - 0x00007ff99882c000 	C:\WINDOWS\System32\ucrtbase.dll
0x00007ff9486e0000 - 0x00007ff9486fb000 	C:\Eclipse\sts-4.26.0.RELEASE\plugins\org.eclipse.justj.openjdk.hotspot.jre.full.win32.x86_64_21.0.4.v20240802-1551\jre\bin\VCRUNTIME140.dll
0x00007ff9487d0000 - 0x00007ff9487e8000 	C:\Eclipse\sts-4.26.0.RELEASE\plugins\org.eclipse.justj.openjdk.hotspot.jre.full.win32.x86_64_21.0.4.v20240802-1551\jre\bin\jli.dll
0x00007ff99aab0000 - 0x00007ff99ac79000 	C:\WINDOWS\System32\USER32.dll
0x00007ff998610000 - 0x00007ff998637000 	C:\WINDOWS\System32\win32u.dll
0x00007ff979af0000 - 0x00007ff979d80000 	C:\WINDOWS\WinSxS\amd64_microsoft.windows.common-controls_6595b64144ccf1df_6.0.26100.3037_none_3e09262ce333c378\COMCTL32.dll
0x00007ff999830000 - 0x00007ff99985a000 	C:\WINDOWS\System32\GDI32.dll
0x00007ff999860000 - 0x00007ff999909000 	C:\WINDOWS\System32\msvcrt.dll
0x00007ff998c90000 - 0x00007ff998dbb000 	C:\WINDOWS\System32\gdi32full.dll
0x00007ff998560000 - 0x00007ff998603000 	C:\WINDOWS\System32\msvcp_win.dll
0x00007ff9991d0000 - 0x00007ff9991ff000 	C:\WINDOWS\System32\IMM32.DLL
0x00007ff981f20000 - 0x00007ff981f2c000 	C:\Eclipse\sts-4.26.0.RELEASE\plugins\org.eclipse.justj.openjdk.hotspot.jre.full.win32.x86_64_21.0.4.v20240802-1551\jre\bin\vcruntime140_1.dll
0x00007ff9226b0000 - 0x00007ff92273e000 	C:\Eclipse\sts-4.26.0.RELEASE\plugins\org.eclipse.justj.openjdk.hotspot.jre.full.win32.x86_64_21.0.4.v20240802-1551\jre\bin\msvcp140.dll
0x00007ff91f700000 - 0x00007ff920488000 	C:\Eclipse\sts-4.26.0.RELEASE\plugins\org.eclipse.justj.openjdk.hotspot.jre.full.win32.x86_64_21.0.4.v20240802-1551\jre\bin\server\jvm.dll
0x00007ff99adf0000 - 0x00007ff99aea4000 	C:\WINDOWS\System32\ADVAPI32.dll
0x00007ff99a490000 - 0x00007ff99a536000 	C:\WINDOWS\System32\sechost.dll
0x00007ff99acd0000 - 0x00007ff99ade6000 	C:\WINDOWS\System32\RPCRT4.dll
0x00007ff9996a0000 - 0x00007ff999714000 	C:\WINDOWS\System32\WS2_32.dll
0x00007ff9983f0000 - 0x00007ff99843e000 	C:\WINDOWS\SYSTEM32\POWRPROF.dll
0x00007ff97d6b0000 - 0x00007ff97d6bb000 	C:\WINDOWS\SYSTEM32\VERSION.dll
0x00007ff9928e0000 - 0x00007ff992916000 	C:\WINDOWS\SYSTEM32\WINMM.dll
0x00007ff9983d0000 - 0x00007ff9983e4000 	C:\WINDOWS\SYSTEM32\UMPDC.dll
0x00007ff997220000 - 0x00007ff99723a000 	C:\WINDOWS\SYSTEM32\kernel.appcore.dll
0x00007ff9844d0000 - 0x00007ff9844da000 	C:\Eclipse\sts-4.26.0.RELEASE\plugins\org.eclipse.justj.openjdk.hotspot.jre.full.win32.x86_64_21.0.4.v20240802-1551\jre\bin\jimage.dll
0x00007ff994d80000 - 0x00007ff994fc1000 	C:\WINDOWS\SYSTEM32\DBGHELP.DLL
0x00007ff99a030000 - 0x00007ff99a3ae000 	C:\WINDOWS\System32\combase.dll
0x00007ff99a540000 - 0x00007ff99a616000 	C:\WINDOWS\System32\OLEAUT32.dll
0x00007ff994d40000 - 0x00007ff994d79000 	C:\WINDOWS\SYSTEM32\dbgcore.DLL
0x00007ff998640000 - 0x00007ff9986d9000 	C:\WINDOWS\System32\bcryptPrimitives.dll
0x00007ff9532d0000 - 0x00007ff95330c000 	C:\Eclipse\sts-4.26.0.RELEASE\plugins\org.eclipse.justj.openjdk.hotspot.jre.full.win32.x86_64_21.0.4.v20240802-1551\jre\bin\jdwp.dll
0x00007ff987830000 - 0x00007ff98783f000 	C:\Eclipse\sts-4.26.0.RELEASE\plugins\org.eclipse.justj.openjdk.hotspot.jre.full.win32.x86_64_21.0.4.v20240802-1551\jre\bin\instrument.dll
0x00007ff95f320000 - 0x00007ff95f33f000 	C:\Eclipse\sts-4.26.0.RELEASE\plugins\org.eclipse.justj.openjdk.hotspot.jre.full.win32.x86_64_21.0.4.v20240802-1551\jre\bin\java.dll
0x00007ff945450000 - 0x00007ff945468000 	C:\Eclipse\sts-4.26.0.RELEASE\plugins\org.eclipse.justj.openjdk.hotspot.jre.full.win32.x86_64_21.0.4.v20240802-1551\jre\bin\zip.dll
0x00007ff999910000 - 0x00007ff99a014000 	C:\WINDOWS\System32\SHELL32.dll
0x00007ff9953a0000 - 0x00007ff995bd7000 	C:\WINDOWS\SYSTEM32\windows.storage.dll
0x00007ff9995b0000 - 0x00007ff999699000 	C:\WINDOWS\System32\SHCORE.dll
0x00007ff999160000 - 0x00007ff9991bd000 	C:\WINDOWS\System32\shlwapi.dll
0x00007ff998470000 - 0x00007ff99849e000 	C:\WINDOWS\SYSTEM32\profapi.dll
0x00007ff987440000 - 0x00007ff98744b000 	C:\Eclipse\sts-4.26.0.RELEASE\plugins\org.eclipse.justj.openjdk.hotspot.jre.full.win32.x86_64_21.0.4.v20240802-1551\jre\bin\dt_socket.dll
0x00007ff996a40000 - 0x00007ff996a72000 	C:\WINDOWS\SYSTEM32\IPHLPAPI.DLL
0x00007ff997840000 - 0x00007ff9978aa000 	C:\WINDOWS\system32\mswsock.dll
0x00007ff996a80000 - 0x00007ff996ba5000 	C:\WINDOWS\SYSTEM32\DNSAPI.dll
0x00007ff99af20000 - 0x00007ff99af2a000 	C:\WINDOWS\System32\NSI.dll
0x00007ff98ebe0000 - 0x00007ff98ebeb000 	C:\Windows\System32\rasadhlp.dll
0x00007ff9915f0000 - 0x00007ff991675000 	C:\WINDOWS\System32\fwpuclnt.dll
0x00007ff9843c0000 - 0x00007ff9843d0000 	C:\Eclipse\sts-4.26.0.RELEASE\plugins\org.eclipse.justj.openjdk.hotspot.jre.full.win32.x86_64_21.0.4.v20240802-1551\jre\bin\net.dll
0x00007ff997240000 - 0x00007ff99735e000 	C:\WINDOWS\SYSTEM32\WINHTTP.dll
0x00007ff9437b0000 - 0x00007ff9437c6000 	C:\Eclipse\sts-4.26.0.RELEASE\plugins\org.eclipse.justj.openjdk.hotspot.jre.full.win32.x86_64_21.0.4.v20240802-1551\jre\bin\nio.dll
0x00007ff96bb10000 - 0x00007ff96bb1a000 	C:\Eclipse\sts-4.26.0.RELEASE\plugins\org.eclipse.justj.openjdk.hotspot.jre.full.win32.x86_64_21.0.4.v20240802-1551\jre\bin\management.dll
0x00007ff96b240000 - 0x00007ff96b24b000 	C:\Eclipse\sts-4.26.0.RELEASE\plugins\org.eclipse.justj.openjdk.hotspot.jre.full.win32.x86_64_21.0.4.v20240802-1551\jre\bin\management_ext.dll
0x00007ff99a020000 - 0x00007ff99a028000 	C:\WINDOWS\System32\PSAPI.DLL
0x00007ff96a120000 - 0x00007ff96a138000 	C:\WINDOWS\system32\napinsp.dll
0x00007ff96a0d0000 - 0x00007ff96a0e2000 	C:\WINDOWS\System32\winrnr.dll
0x00007ff967650000 - 0x00007ff967672000 	C:\WINDOWS\system32\nlansp_c.dll
0x00007ff98d790000 - 0x00007ff98d7a6000 	C:\WINDOWS\system32\wshbth.dll
0x00007ff997bf0000 - 0x00007ff997c0c000 	C:\WINDOWS\SYSTEM32\CRYPTSP.dll
0x00007ff997180000 - 0x00007ff9971b8000 	C:\WINDOWS\system32\rsaenh.dll
0x00007ff9978e0000 - 0x00007ff99790b000 	C:\WINDOWS\SYSTEM32\USERENV.dll
0x00007ff997d80000 - 0x00007ff997da6000 	C:\WINDOWS\SYSTEM32\bcrypt.dll
0x00007ff997bd0000 - 0x00007ff997bdc000 	C:\WINDOWS\SYSTEM32\CRYPTBASE.dll
0x00007ff996510000 - 0x00007ff996519000 	C:\Eclipse\sts-4.26.0.RELEASE\plugins\org.eclipse.justj.openjdk.hotspot.jre.full.win32.x86_64_21.0.4.v20240802-1551\jre\bin\extnet.dll
0x00007ff984520000 - 0x00007ff984530000 	C:\Eclipse\sts-4.26.0.RELEASE\plugins\org.eclipse.justj.openjdk.hotspot.jre.full.win32.x86_64_21.0.4.v20240802-1551\jre\bin\verify.dll
0x00007ff9823f0000 - 0x00007ff9823fe000 	C:\Eclipse\sts-4.26.0.RELEASE\plugins\org.eclipse.justj.openjdk.hotspot.jre.full.win32.x86_64_21.0.4.v20240802-1551\jre\bin\sunmscapi.dll
0x00007ff998e80000 - 0x00007ff998ff6000 	C:\WINDOWS\System32\CRYPT32.dll
0x00007ff997d40000 - 0x00007ff997d70000 	C:\WINDOWS\SYSTEM32\ncrypt.dll
0x00007ff997cf0000 - 0x00007ff997d2f000 	C:\WINDOWS\SYSTEM32\NTASN1.dll
0x00007ff957500000 - 0x00007ff957508000 	C:\WINDOWS\system32\wshunix.dll

dbghelp: loaded successfully - version: 4.0.5 - missing functions: none
symbol engine: initialized successfully - sym options: 0x614 - pdb path: .;C:\Eclipse\sts-4.26.0.RELEASE\plugins\org.eclipse.justj.openjdk.hotspot.jre.full.win32.x86_64_21.0.4.v20240802-1551\jre\bin;C:\WINDOWS\SYSTEM32;C:\WINDOWS\WinSxS\amd64_microsoft.windows.common-controls_6595b64144ccf1df_6.0.26100.3037_none_3e09262ce333c378;C:\Eclipse\sts-4.26.0.RELEASE\plugins\org.eclipse.justj.openjdk.hotspot.jre.full.win32.x86_64_21.0.4.v20240802-1551\jre\bin\server

VM Arguments:
jvm_args: -XX:+ShowCodeDetailsInExceptionMessages -agentlib:jdwp=transport=dt_socket,suspend=y,address=localhost:52723 -Dcom.sun.management.jmxremote -Dcom.sun.management.jmxremote.port=52721 -Dcom.sun.management.jmxremote.authenticate=false -Dcom.sun.management.jmxremote.ssl=false -Djava.rmi.server.hostname=localhost -Dspring.jmx.enabled=true -Dmanagement.endpoints.jmx.exposure.include=* -Dspring.application.admin.enabled=true -XX:TieredStopAtLevel=1 -Dspring.boot.project.name=eforsch -javaagent:C:\Eclipse\sts-4.26.0.RELEASE\configuration\org.eclipse.osgi\271\0\.cp\lib\javaagent-shaded.jar -Dfile.encoding=UTF-8 -Dstdout.encoding=UTF-8 -Dstderr.encoding=UTF-8 
java_command: com.eforsch.EForschApplication --spring.output.ansi.enabled=always
java_class_path (initial): C:\git\eforsch\target\classes;C:\Users\VenkatMadepalli\.m2\repository\org\springframework\boot\spring-boot-starter-data-jpa\3.2.2\spring-boot-starter-data-jpa-3.2.2.jar;C:\Users\VenkatMadepalli\.m2\repository\org\springframework\boot\spring-boot-starter-aop\3.2.2\spring-boot-starter-aop-3.2.2.jar;C:\Users\VenkatMadepalli\.m2\repository\org\springframework\spring-aop\6.1.3\spring-aop-6.1.3.jar;C:\Users\VenkatMadepalli\.m2\repository\org\aspectj\aspectjweaver\1.9.21\aspectjweaver-1.9.21.jar;C:\Users\VenkatMadepalli\.m2\repository\org\springframework\boot\spring-boot-starter-jdbc\3.2.2\spring-boot-starter-jdbc-3.2.2.jar;C:\Users\VenkatMadepalli\.m2\repository\com\zaxxer\HikariCP\5.0.1\HikariCP-5.0.1.jar;C:\Users\VenkatMadepalli\.m2\repository\org\springframework\spring-jdbc\6.1.3\spring-jdbc-6.1.3.jar;C:\Users\VenkatMadepalli\.m2\repository\org\hibernate\orm\hibernate-core\6.4.1.Final\hibernate-core-6.4.1.Final.jar;C:\Users\VenkatMadepalli\.m2\repository\jakarta\persistence\jakarta.persistence-api\3.1.0\jakarta.persistence-api-3.1.0.jar;C:\Users\VenkatMadepalli\.m2\repository\jakarta\transaction\jakarta.transaction-api\2.0.1\jakarta.transaction-api-2.0.1.jar;C:\Users\VenkatMadepalli\.m2\repository\org\jboss\logging\jboss-logging\3.5.3.Final\jboss-logging-3.5.3.Final.jar;C:\Users\VenkatMadepalli\.m2\repository\org\hibernate\common\hibernate-commons-annotations\6.0.6.Final\hibernate-commons-annotations-6.0.6.Final.jar;C:\Users\VenkatMadepalli\.m2\repository\io\smallrye\jandex\3.1.2\jandex-3.1.2.jar;C:\Users\VenkatMadepalli\.m2\repository\com\fasterxml\classmate\1.6.0\classmate-1.6.0.jar;C:\Users\VenkatMadepalli\.m2\repository\net\bytebuddy\byte-buddy\1.14.11\byte-buddy-1.14.11.jar;C:\Users\VenkatMadepalli\.m2\repository\org\glassfish\jaxb\jaxb-runtime\4.0.4\jaxb-runtime-4.0.4.jar;C:\Users\VenkatMadepalli\.m2\repository\org\glassfish\jaxb\jaxb-core\4.0.4\jaxb-core-4.0.4.jar;C:\Users\VenkatMadepalli\.m2\repository\org\eclipse\angus\angus-activation\2.0.1\angus-activation-2.0.1.jar;C:\Users\VenkatMadepalli\.m2\repository\org\glassfish\jaxb\txw2\4.0.4\txw2-4.0.4.jar;C:\Users\VenkatMadepalli\.m2\repository\com\sun\istack\istack-commons-runtime\4.1.2\istack-commons-runtime-4.1.2.jar;C:\Users\VenkatMadepalli\.m2\repository\jakarta\inject\jakarta.inject-api\2.0.1\jakarta.inject-api-2.0.1.jar;C:\Users\VenkatMadepalli\.m2\repository\org\antlr\antlr4-runtime\4.13.0\antlr4-runtime-4.13.0.jar;C:\Users\VenkatMadepalli\.m2\repository\org\springframework\data\spring-data-jpa\3.2.2\spring-data-jpa-3.2.2.jar;C:\Users\VenkatMadepalli\.m2\repository\org\springframework\data\spring-data-commons\3.2.2\spring-data-commons-3.2.2.jar;C:\Users\VenkatMadepalli\.m2\repository\org\springframework\spring-orm\6.1.3\spring-orm-6.1.3.jar;C:\Users\VenkatMadepalli\.m2\repository\org\springframework\spring-context\6.1.3\spring-context-6.1.3.jar;C:\Users\VenkatMadepalli\.m2\repository\org\springframework\spring-tx\6.1.3\spring-tx-6.1.3.jar;C:\Users\VenkatMadepalli\.m2\repository\org\springframework\spring-beans\6.1.3\spring-beans-6.1.3.jar;C:\Users\VenkatMadepalli\.m2\repository\jakarta\annotation\jakarta.annotation-api\2.1.1\jakarta.annotation-api-2.1.1.jar;C:\Users\VenkatMadepalli\.m2\repository\org\slf4j\slf4j-api\2.0.11\slf4j-api-2.0.11.jar;C:\Users\VenkatMadepalli\.m2\repository\org\springframework\spring-aspects\6.1.3\spring-aspects-6.1.3.jar;C:\Users\VenkatMadepalli\.m2\repository\org\springframework\boot\spring-boot-starter-web\3.2.2\spring-boot-starter-web-3.2.2.jar;C:\Users\VenkatMadepalli\.m2\repository\org\springframework\boot\spring-boot-starter\3.2.2\spring-boot-starter-3.2.2.jar;C:\Users\VenkatMadepalli\.m2\repository\org\springframework\boot\spring-boot\3.2.2\spring-boot-3.2.2.jar;C:\Users\VenkatMadepalli\.m2\repository\org\springframework\boot\spring-boot-autoconfigure\3.2.2\spring-boot-autoconfigure-3.2.2.jar;C:\Users\VenkatMadepalli\.m2\repository\org\springframework\boot\spring-boot-starter-logging\3.2.2\spring-boot-starter-logging-3.2.2.jar;C:\Users\VenkatMadepalli\.m2\repository\ch\qos\logback\logback-classic\1.4.14\logback-classic-1.4.14.jar;C:\Users\VenkatMadepalli\.m2\repository\ch\qos\logback\logback-core\1.4.14\logback-core-1.4.14.jar;C:\Users\VenkatMadepalli\.m2\repository\org\apache\logging\log4j\log4j-to-slf4j\2.21.1\log4j-to-slf4j-2.21.1.jar;C:\Users\VenkatMadepalli\.m2\repository\org\slf4j\jul-to-slf4j\2.0.11\jul-to-slf4j-2.0.11.jar;C:\Users\VenkatMadepalli\.m2\repository\org\yaml\snakeyaml\2.2\snakeyaml-2.2.jar;C:\Users\VenkatMadepalli\.m2\repository\org\springframework\boot\spring-boot-starter-json\3.2.2\spring-boot-starter-json-3.2.2.jar;C:\Users\VenkatMadepalli\.m2\repository\com\fasterxml\jackson\core\jackson-databind\2.15.3\jackson-databind-2.15.3.jar;C:\Users\VenkatMadepalli\.m2\repository\com\fasterxml\jackson\core\jackson-annotations\2.15.3\jackson-annotations-2.15.3.jar;C:\Users\VenkatMadepalli\.m2\repository\com\fasterxml\jackson\core\jackson-core\2.15.3\jackson-core-2.15.3.jar;C:\Users\VenkatMadepalli\.m2\repository\com\fasterxml\jackson\datatype\jackson-datatype-jdk8\2.15.3\jackson-datatype-jdk8-2.15.3.jar;C:\Users\VenkatMadepalli\.m2\repository\com\fasterxml\jackson\datatype\jackson-datatype-jsr310\2.15.3\jackson-datatype-jsr310-2.15.3.jar;C:\Users\VenkatMadepalli\.m2\repository\com\fasterxml\jackson\module\jackson-module-parameter-names\2.15.3\jackson-module-parameter-names-2.15.3.jar;C:\Users\VenkatMadepalli\.m2\repository\org\springframework\boot\spring-boot-starter-tomcat\3.2.2\spring-boot-starter-tomcat-3.2.2.jar;C:\Users\VenkatMadepalli\.m2\repository\org\apache\tomcat\embed\tomcat-embed-core\10.1.18\tomcat-embed-core-10.1.18.jar;C:\Users\VenkatMadepalli\.m2\repository\org\apache\tomcat\embed\tomcat-embed-el\10.1.18\tomcat-embed-el-10.1.18.jar;C:\Users\VenkatMadepalli\.m2\repository\org\apache\tomcat\embed\tomcat-embed-websocket\10.1.18\tomcat-embed-websocket-10.1.18.jar;C:\Users\VenkatMadepalli\.m2\repository\org\springframework\spring-web\6.1.3\spring-web-6.1.3.jar;C:\Users\VenkatMadepalli\.m2\repository\io\micrometer\micrometer-observation\1.12.2\micrometer-observation-1.12.2.jar;C:\Users\VenkatMadepalli\.m2\repository\io\micrometer\micrometer-commons\1.12.2\micrometer-commons-1.12.2.jar;C:\Users\VenkatMadepalli\.m2\repository\org\springframework\spring-webmvc\6.1.3\spring-webmvc-6.1.3.jar;C:\Users\VenkatMadepalli\.m2\repository\org\springframework\spring-expression\6.1.3\spring-expression-6.1.3.jar;C:\Users\VenkatMadepalli\.m2\repository\com\mysql\mysql-connector-j\8.3.0\mysql-connector-j-8.3.0.jar;C:\Users\VenkatMadepalli\.m2\repository\org\springdoc\springdoc-openapi-starter-webmvc-ui\2.1.0\springdoc-openapi-starter-webmvc-ui-2.1.0.jar;C:\Users\VenkatMadepalli\.m2\repository\org\springdoc\springdoc-openapi-starter-webmvc-api\2.1.0\springdoc-openapi-starter-webmvc-api-2.1.0.jar;C:\Users\VenkatMadepalli\.m2\repository\org\springdoc\springdoc-openapi-starter-common\2.1.0\springdoc-openapi-starter-common-2.1.0.jar;C:\Users\VenkatMadepalli\.m2\repository\io\swagger\core\v3\swagger-core-jakarta\2.2.9\swagger-core-jakarta-2.2.9.jar;C:\Users\VenkatMadepalli\.m2\repository\org\apache\commons\commons-lang3\3.13.0\commons-lang3-3.13.0.jar;C:\Users\VenkatMadepalli\.m2\repository\io\swagger\core\v3\swagger-annotations-jakarta\2.2.9\swagger-annotations-jakarta-2.2.9.jar;C:\Users\VenkatMadepalli\.m2\repository\io\swagger\core\v3\swagger-models-jakarta\2.2.9\swagger-models-jakarta-2.2.9.jar;C:\Users\VenkatMadepalli\.m2\repository\jakarta\validation\jakarta.validation-api\3.0.2\jakarta.validation-api-3.0.2.jar;C:\Users\VenkatMadepalli\.m2\repository\com\fasterxml\jackson\dataformat\jackson-dataformat-yaml\2.15.3\jackson-dataformat-yaml-2.15.3.jar;C:\Users\VenkatMadepalli\.m2\repository\org\webjars\swagger-ui\4.18.2\swagger-ui-4.18.2.jar;C:\Users\VenkatMadepalli\.m2\repository\org\apache\poi\poi\5.2.3\poi-5.2.3.jar;C:\Users\VenkatMadepalli\.m2\repository\commons-codec\commons-codec\1.16.0\commons-codec-1.16.0.jar;C:\Users\VenkatMadepalli\.m2\repository\org\apache\commons\commons-collections4\4.4\commons-collections4-4.4.jar;C:\Users\VenkatMadepalli\.m2\repository\org\apache\commons\commons-math3\3.6.1\commons-math3-3.6.1.jar;C:\Users\VenkatMadepalli\.m2\repository\commons-io\commons-io\2.11.0\commons-io-2.11.0.jar;C:\Users\VenkatMadepalli\.m2\repository\com\zaxxer\SparseBitSet\1.2\SparseBitSet-1.2.jar;C:\Users\VenkatMadepalli\.m2\repository\org\apache\logging\log4j\log4j-api\2.21.1\log4j-api-2.21.1.jar;C:\Users\VenkatMadepalli\.m2\repository\org\apache\poi\poi-ooxml\5.2.3\poi-ooxml-5.2.3.jar;C:\Users\VenkatMadepalli\.m2\repository\org\apache\poi\poi-ooxml-lite\5.2.3\poi-ooxml-lite-5.2.3.jar;C:\Users\VenkatMadepalli\.m2\repository\org\apache\xmlbeans\xmlbeans\5.1.1\xmlbeans-5.1.1.jar;C:\Users\VenkatMadepalli\.m2\repository\org\apache\commons\commons-compress\1.21\commons-compress-1.21.jar;C:\Users\VenkatMadepalli\.m2\repository\com\github\virtuald\curvesapi\1.07\curvesapi-1.07.jar;C:\Users\VenkatMadepalli\.m2\repository\jakarta\xml\bind\jakarta.xml.bind-api\4.0.1\jakarta.xml.bind-api-4.0.1.jar;C:\Users\VenkatMadepalli\.m2\repository\jakarta\activation\jakarta.activation-api\2.1.2\jakarta.activation-api-2.1.2.jar;C:\Users\VenkatMadepalli\.m2\repository\org\springframework\spring-core\6.1.3\spring-core-6.1.3.jar;C:\Users\VenkatMadepalli\.m2\repository\org\springframework\spring-jcl\6.1.3\spring-jcl-6.1.3.jar
Launcher Type: SUN_STANDARD

[Global flags]
     intx CICompilerCount                          = 4                                         {product} {ergonomic}
     uint ConcGCThreads                            = 3                                         {product} {ergonomic}
     uint G1ConcRefinementThreads                  = 10                                        {product} {ergonomic}
   size_t G1HeapRegionSize                         = 2097152                                   {product} {ergonomic}
    uintx GCDrainStackTargetSize                   = 64                                        {product} {ergonomic}
   size_t InitialHeapSize                          = 264241152                                 {product} {ergonomic}
     bool ManagementServer                         = true                                      {product} {command line}
   size_t MarkStackSize                            = 4194304                                   {product} {ergonomic}
   size_t MaxHeapSize                              = 4213178368                                {product} {ergonomic}
   size_t MaxNewSize                               = 2527068160                                {product} {ergonomic}
   size_t MinHeapDeltaBytes                        = 2097152                                   {product} {ergonomic}
   size_t MinHeapSize                              = 8388608                                   {product} {ergonomic}
    uintx NonNMethodCodeHeapSize                   = 4096                                   {pd product} {ergonomic}
    uintx NonProfiledCodeHeapSize                  = 0                                      {pd product} {ergonomic}
     bool ProfileInterpreter                       = false                                  {pd product} {command line}
    uintx ProfiledCodeHeapSize                     = 0                                      {pd product} {ergonomic}
     bool ShowCodeDetailsInExceptionMessages       = true                                   {manageable} {command line}
   size_t SoftMaxHeapSize                          = 4213178368                             {manageable} {ergonomic}
     intx TieredStopAtLevel                        = 1                                         {product} {command line}
     bool UseCompressedOops                        = true                           {product lp64_product} {ergonomic}
     bool UseG1GC                                  = true                                      {product} {ergonomic}
     bool UseLargePagesIndividualAllocation        = false                                  {pd product} {ergonomic}

Logging:
Log output configuration:
 #0: stdout all=warning uptime,level,tags foldmultilines=false
 #1: stderr all=off uptime,level,tags foldmultilines=false

Environment Variables:
PATH=C:\Eclipse\sts-4.26.0.RELEASE\plugins\org.eclipse.justj.openjdk.hotspot.jre.full.win32.x86_64_21.0.4.v20240802-1551\jre\bin;C:/Eclipse/sts-4.26.0.RELEASE//plugins/org.eclipse.justj.openjdk.hotspot.jre.full.win32.x86_64_21.0.4.v20240802-1551/jre/bin/server;C:/Eclipse/sts-4.26.0.RELEASE//plugins/org.eclipse.justj.openjdk.hotspot.jre.full.win32.x86_64_21.0.4.v20240802-1551/jre/bin;C:\Program Files\Common Files\Oracle\Java\javapath;C:\WINDOWS\system32;C:\WINDOWS;C:\WINDOWS\System32\Wbem;C:\WINDOWS\System32\WindowsPowerShell\v1.0\;C:\WINDOWS\System32\OpenSSH\;C:\Program Files\dotnet\;C:\Program Files\Git\cmd;C:\Users\VenkatMadepalli\AppData\Local\Microsoft\WindowsApps;;C:\Eclipse\sts-4.26.0.RELEASE;
USERNAME=VenkatMadepalli
OS=Windows_NT
PROCESSOR_IDENTIFIER=Intel64 Family 6 Model 186 Stepping 3, GenuineIntel
TMP=C:\Users\VENKAT~1\AppData\Local\Temp
TEMP=C:\Users\VENKAT~1\AppData\Local\Temp




Periodic native trim disabled

---------------  S Y S T E M  ---------------

OS:
 Windows 11 , 64 bit Build 26100 (10.0.26100.3037)
OS uptime: 10 days 3:35 hours
Hyper-V role detected

CPU: total 12 (initial active 12) (6 cores per cpu, 2 threads per core) family 6 model 186 stepping 3 microcode 0x4123, cx8, cmov, fxsr, ht, mmx, 3dnowpref, sse, sse2, sse3, ssse3, sse4.1, sse4.2, popcnt, lzcnt, tsc, tscinvbit, avx, avx2, aes, erms, clmul, bmi1, bmi2, adx, sha, fma, vzeroupper, clflush, clflushopt, clwb, hv, serialize, rdtscp, rdpid, fsrm, f16c, cet_ibt, cet_ss
Processor Information for all 12 processors :
  Max Mhz: 1300, Current Mhz: 1300, Mhz Limit: 1300

Memory: 4k page, system-wide physical 16068M (2623M free)
TotalPageFile size 37572M (AvailPageFile size 14291M)
current process WorkingSet (physical memory assigned to process): 281M, peak: 295M
current process commit charge ("private bytes"): 313M, peak: 364M

vm_info: OpenJDK 64-Bit Server VM (21.0.4+7-LTS) for windows-amd64 JRE (21.0.4+7-LTS), built on 2024-07-16T00:00:00Z by "admin" with MS VC++ 17.7 (VS2022)

END.
